<?xml version="1.0" encoding="UTF-8"?>
<!-- Generated by org.testng.reporters.JUnitReportReporter -->
<testsuite skipped="0" hostname="Admin-PC" name="com.api.demoapi.demoapi.AccessKey" tests="1" failures="0" timestamp="30 Aug 2020 06:50:02 GMT" time="7.061" errors="0">
  <testcase name="GetWeatherDetails" time="7.061" classname="com.api.demoapi.demoapi.AccessKey"/>
</testsuite> <!-- com.api.demoapi.demoapi.AccessKey -->
