<?xml version="1.0" encoding="UTF-8"?>
<!-- Generated by org.testng.reporters.JUnitReportReporter -->
<testsuite skipped="0" hostname="Admin-PC" name="com.api.demoapi.demoapi.RespondeBody" tests="1" failures="0" timestamp="30 Aug 2020 06:31:21 GMT" time="4.275" errors="0">
  <testcase name="GetWeatherDetails" time="4.275" classname="com.api.demoapi.demoapi.RespondeBody"/>
</testsuite> <!-- com.api.demoapi.demoapi.RespondeBody -->
