<?xml version="1.0" encoding="UTF-8"?>
<!-- Generated by org.testng.reporters.JUnitReportReporter -->
<testsuite skipped="0" hostname="Admin-PC" name="com.api.demoapi.demoapi.AppTest" tests="1" failures="0" timestamp="29 Aug 2020 17:02:27 GMT" time="11.160" errors="0">
  <testcase name="GetWeatherDetails" time="11.160" classname="com.api.demoapi.demoapi.AppTest"/>
</testsuite> <!-- com.api.demoapi.demoapi.AppTest -->
