<?xml version="1.0" encoding="UTF-8"?>
<!-- Generated by org.testng.reporters.JUnitReportReporter -->
<testsuite skipped="0" hostname="Admin-PC" name="com.api.demoapi.demoapi.AppTest2" tests="1" failures="0" timestamp="29 Aug 2020 18:08:31 GMT" time="0.407" errors="0">
  <testcase name="GetWeatherDetails" time="0.407" classname="com.api.demoapi.demoapi.AppTest2"/>
</testsuite> <!-- com.api.demoapi.demoapi.AppTest2 -->
